c:\users\maria\desktop\sdlmaria\tpvpractica1\debug\vc140.pdb
c:\users\maria\desktop\sdlmaria\tpvpractica1\debug\vc140.idb
c:\users\maria\desktop\sdlmaria\tpvpractica1\debug\globospg.obj
c:\users\maria\desktop\sdlmaria\tpvpractica1\debug\juegopg.obj
c:\users\maria\desktop\sdlmaria\tpvpractica1\debug\mainp1.obj
c:\users\maria\desktop\sdlmaria\tpvpractica1\debug\texturasdl.obj
c:\users\maria\desktop\sdlmaria\tpvpractica1\debug\sound.obj
c:\hlocal\prac2\tpv-practica-2\tpvpractica1\debug\vc120.pdb
c:\hlocal\prac2\tpv-practica-2\tpvpractica1\debug\vc120.idb
c:\hlocal\prac2\tpv-practica-2\tpvpractica1\debug\objetopg.obj
c:\hlocal\prac2\tpv-practica-2\tpvpractica1\debug\sound.obj
c:\hlocal\tpv-practica-2\tpvpractica1\debug\vc120.pdb
c:\hlocal\tpv-practica-2\tpvpractica1\debug\vc120.idb
c:\hlocal\tpv-practica-2\tpvpractica1\debug\sound.obj
c:\hlocal\tpv-practica-2\tpvpractica1\debug\globospg.obj
c:\users\maria\desktop\sdlmaria\tpv-practica-2\tpvpractica1\debug\vc140.pdb
c:\users\maria\desktop\sdlmaria\tpv-practica-2\tpvpractica1\debug\vc140.idb
c:\users\maria\desktop\sdlmaria\tpv-practica-2\tpvpractica1\debug\globospg.obj
c:\users\maria\desktop\sdlmaria\tpv-practica-2\tpvpractica1\debug\sound.obj
c:\users\maria\desktop\sdlmaria\tpv-practica-2\tpvpractica1\debug\texturasdl.obj
c:\hlocal\tpv 2\tpv-practica-2\tpvpractica1\debug\vc120.pdb
c:\hlocal\tpv 2\tpv-practica-2\tpvpractica1\debug\vc120.idb
c:\hlocal\tpv 2\tpv-practica-2\tpvpractica1\debug\sound.obj
c:\hlocal\tpv 2\tpv-practica-2\tpvpractica1\debug\texturasdl.obj
c:\hlocal\tpv 2\tpv-practica-2\tpvpractica1\debug\globospg.obj
c:\users\maria\desktop\sdlmaria\tpv-practica-2\tpvpractica1\debug\mainp1.obj
c:\users\maria\desktop\sdlmaria\tpv-practica-2\tpvpractica1\debug\mariposa.obj
c:\users\maria\desktop\sdlmaria\tpv-practica-2\tpvpractica1\debug\premio.obj
c:\users\maria\desktop\sdlmaria\tpv-practica-2\tpvpractica1\debug\juegopg.obj
c:\users\maria\desktop\sdlmaria\bin\tpvpractica1debug.ilk
c:\users\maria\desktop\sdlmaria\bin\tpvpractica1debug.exe
c:\users\maria\desktop\sdlmaria\bin\tpvpractica1debug.pdb
c:\users\maria\desktop\sdlmaria\tpv-practica-2\tpvpractica1\debug\vc120.idb
c:\users\maria\desktop\sdlmaria\tpv-practica-2\tpvpractica1\debug\vc120.pdb
c:\users\maria\desktop\sdlmaria\tpv-practica-2\bin\tpvpractica1debug.pdb
c:\users\maria\desktop\sdlmaria\tpv-practica-2\bin\tpvpractica1debug.exe
c:\users\maria\desktop\sdlmaria\tpv-practica-2\bin\tpvpractica1debug.ilk
c:\users\maria\desktop\sdlmaria\tpv-practica-2\tpvpractica1\debug\tpvpractica1.tlog\cl.command.1.tlog
c:\users\maria\desktop\sdlmaria\tpv-practica-2\tpvpractica1\debug\tpvpractica1.tlog\cl.read.1.tlog
c:\users\maria\desktop\sdlmaria\tpv-practica-2\tpvpractica1\debug\tpvpractica1.tlog\cl.write.1.tlog
c:\users\maria\desktop\sdlmaria\tpv-practica-2\tpvpractica1\debug\tpvpractica1.tlog\link.command.1.tlog
c:\users\maria\desktop\sdlmaria\tpv-practica-2\tpvpractica1\debug\tpvpractica1.tlog\link.read.1.tlog
c:\users\maria\desktop\sdlmaria\tpv-practica-2\tpvpractica1\debug\tpvpractica1.tlog\link.write.1.tlog
