Build started 05/12/2016 21:42:09.
     1>Project "C:\Users\maria\Desktop\SDLMaria\TPV-Practica-2\TPVPractica1\TPVPractica1.vcxproj" on node 2 (Build target(s)).
     1>ClCompile:
         C:\Program Files (x86)\Microsoft Visual Studio 14.0\VC\bin\CL.exe /c /ZI /nologo /W3 /WX- /sdl /Od /Oy- /D _MBCS /Gm /EHsc /RTC1 /MDd /GS /fp:precise /Zc:wchar_t /Zc:forScope /Zc:inline /Fo"Debug\\" /Fd"Debug\vc140.pdb" /Gd /TP /analyze- /errorReport:prompt GlobosPG.cpp JuegoPG.cpp mainP1.cpp Mariposa.cpp ObjetoPG.cpp Sound.cpp TexturaSDL.cpp
         TexturaSDL.cpp
         Sound.cpp
         ObjetoPG.cpp
     1>c:\users\maria\desktop\sdlmaria\tpv-practica-2\tpvpractica1\juegopg.h(20): error C2143: syntax error: missing ';' before '*'
     1>c:\users\maria\desktop\sdlmaria\tpv-practica-2\tpvpractica1\juegopg.h(20): error C4430: missing type specifier - int assumed. Note: C++ does not support default-int
     1>c:\users\maria\desktop\sdlmaria\tpv-practica-2\tpvpractica1\juegopg.h(20): error C2334: unexpected token(s) preceding '{'; skipping apparent function body
     1>c:\users\maria\desktop\sdlmaria\tpv-practica-2\tpvpractica1\juegopg.h(44): error C2065: 'TexturaSDL': undeclared identifier
     1>c:\users\maria\desktop\sdlmaria\tpv-practica-2\tpvpractica1\juegopg.h(44): error C2059: syntax error: '>'
     1>c:\users\maria\desktop\sdlmaria\tpv-practica-2\tpvpractica1\juegopg.h(44): error C2976: 'std::vector': too few template arguments
         c:\program files (x86)\microsoft visual studio 14.0\vc\include\vector(678): note: see declaration of 'std::vector'
     1>c:\users\maria\desktop\sdlmaria\tpv-practica-2\tpvpractica1\juegopg.h(49): error C2143: syntax error: missing ';' before '*'
     1>c:\users\maria\desktop\sdlmaria\tpv-practica-2\tpvpractica1\juegopg.h(49): error C4430: missing type specifier - int assumed. Note: C++ does not support default-int
     1>c:\users\maria\desktop\sdlmaria\tpv-practica-2\tpvpractica1\juegopg.h(49): error C2238: unexpected token(s) preceding ';'
         Mariposa.cpp
     1>c:\users\maria\desktop\sdlmaria\tpv-practica-2\tpvpractica1\juegopg.h(20): error C2143: syntax error: missing ';' before '*'
     1>c:\users\maria\desktop\sdlmaria\tpv-practica-2\tpvpractica1\juegopg.h(20): error C4430: missing type specifier - int assumed. Note: C++ does not support default-int
     1>c:\users\maria\desktop\sdlmaria\tpv-practica-2\tpvpractica1\juegopg.h(20): error C2334: unexpected token(s) preceding '{'; skipping apparent function body
     1>c:\users\maria\desktop\sdlmaria\tpv-practica-2\tpvpractica1\juegopg.h(44): error C2065: 'TexturaSDL': undeclared identifier
     1>c:\users\maria\desktop\sdlmaria\tpv-practica-2\tpvpractica1\juegopg.h(44): error C2059: syntax error: '>'
     1>c:\users\maria\desktop\sdlmaria\tpv-practica-2\tpvpractica1\juegopg.h(44): error C2976: 'std::vector': too few template arguments
         c:\program files (x86)\microsoft visual studio 14.0\vc\include\vector(678): note: see declaration of 'std::vector'
     1>c:\users\maria\desktop\sdlmaria\tpv-practica-2\tpvpractica1\juegopg.h(49): error C2143: syntax error: missing ';' before '*'
     1>c:\users\maria\desktop\sdlmaria\tpv-practica-2\tpvpractica1\juegopg.h(49): error C4430: missing type specifier - int assumed. Note: C++ does not support default-int
     1>c:\users\maria\desktop\sdlmaria\tpv-practica-2\tpvpractica1\juegopg.h(49): error C2238: unexpected token(s) preceding ';'
         mainP1.cpp
     1>c:\users\maria\desktop\sdlmaria\tpv-practica-2\tpvpractica1\juegopg.h(20): error C2143: syntax error: missing ';' before '*'
     1>c:\users\maria\desktop\sdlmaria\tpv-practica-2\tpvpractica1\juegopg.h(20): error C4430: missing type specifier - int assumed. Note: C++ does not support default-int
     1>c:\users\maria\desktop\sdlmaria\tpv-practica-2\tpvpractica1\juegopg.h(20): error C2334: unexpected token(s) preceding '{'; skipping apparent function body
     1>c:\users\maria\desktop\sdlmaria\tpv-practica-2\tpvpractica1\juegopg.h(44): error C2065: 'TexturaSDL': undeclared identifier
     1>c:\users\maria\desktop\sdlmaria\tpv-practica-2\tpvpractica1\juegopg.h(44): error C2059: syntax error: '>'
     1>c:\users\maria\desktop\sdlmaria\tpv-practica-2\tpvpractica1\juegopg.h(44): error C2976: 'std::vector': too few template arguments
         c:\program files (x86)\microsoft visual studio 14.0\vc\include\vector(678): note: see declaration of 'std::vector'
     1>c:\users\maria\desktop\sdlmaria\tpv-practica-2\tpvpractica1\juegopg.h(49): error C2143: syntax error: missing ';' before '*'
     1>c:\users\maria\desktop\sdlmaria\tpv-practica-2\tpvpractica1\juegopg.h(49): error C4430: missing type specifier - int assumed. Note: C++ does not support default-int
     1>c:\users\maria\desktop\sdlmaria\tpv-practica-2\tpvpractica1\juegopg.h(49): error C2238: unexpected token(s) preceding ';'
         JuegoPG.cpp
     1>c:\users\maria\desktop\sdlmaria\tpv-practica-2\tpvpractica1\juegopg.h(20): error C2143: syntax error: missing ';' before '*'
     1>c:\users\maria\desktop\sdlmaria\tpv-practica-2\tpvpractica1\juegopg.h(20): error C4430: missing type specifier - int assumed. Note: C++ does not support default-int
     1>c:\users\maria\desktop\sdlmaria\tpv-practica-2\tpvpractica1\juegopg.h(20): error C2334: unexpected token(s) preceding '{'; skipping apparent function body
     1>c:\users\maria\desktop\sdlmaria\tpv-practica-2\tpvpractica1\juegopg.h(44): error C2065: 'TexturaSDL': undeclared identifier
     1>c:\users\maria\desktop\sdlmaria\tpv-practica-2\tpvpractica1\juegopg.h(44): error C2059: syntax error: '>'
     1>c:\users\maria\desktop\sdlmaria\tpv-practica-2\tpvpractica1\juegopg.h(44): error C2976: 'std::vector': too few template arguments
         c:\program files (x86)\microsoft visual studio 14.0\vc\include\vector(678): note: see declaration of 'std::vector'
     1>c:\users\maria\desktop\sdlmaria\tpv-practica-2\tpvpractica1\juegopg.h(49): error C2143: syntax error: missing ';' before '*'
     1>c:\users\maria\desktop\sdlmaria\tpv-practica-2\tpvpractica1\juegopg.h(49): error C4430: missing type specifier - int assumed. Note: C++ does not support default-int
     1>c:\users\maria\desktop\sdlmaria\tpv-practica-2\tpvpractica1\juegopg.h(49): error C2238: unexpected token(s) preceding ';'
     1>c:\users\maria\desktop\sdlmaria\tpv-practica-2\tpvpractica1\juegopg.cpp(13): error C2512: 'std::vector': no appropriate default constructor available
         c:\program files (x86)\microsoft visual studio 14.0\vc\include\vector(678): note: see declaration of 'std::vector'
     1>c:\users\maria\desktop\sdlmaria\tpv-practica-2\tpvpractica1\juegopg.cpp(90): error C2065: 'sky': undeclared identifier
     1>c:\users\maria\desktop\sdlmaria\tpv-practica-2\tpvpractica1\juegopg.cpp(90): error C2227: left of '->draw' must point to class/struct/union/generic type
         c:\users\maria\desktop\sdlmaria\tpv-practica-2\tpvpractica1\juegopg.cpp(90): note: type is 'unknown-type'
     1>c:\users\maria\desktop\sdlmaria\tpv-practica-2\tpvpractica1\juegopg.cpp(93): warning C4018: '<': signed/unsigned mismatch
     1>c:\users\maria\desktop\sdlmaria\tpv-practica-2\tpvpractica1\juegopg.cpp(104): error C2663: 'std::vector<_Ty,_Alloc>::push_back': 2 overloads have no legal conversion for 'this' pointer
     1>c:\users\maria\desktop\sdlmaria\tpv-practica-2\tpvpractica1\juegopg.cpp(112): error C2259: 'GlobosPG': cannot instantiate abstract class
         c:\users\maria\desktop\sdlmaria\tpv-practica-2\tpvpractica1\juegopg.cpp(112): note: due to following members:
         c:\users\maria\desktop\sdlmaria\tpv-practica-2\tpvpractica1\juegopg.cpp(112): note: 'void ObjetoJuego::draw(void)': is abstract
         c:\users\maria\desktop\sdlmaria\tpv-practica-2\tpvpractica1\objetojuego.h(11): note: see declaration of 'ObjetoJuego::draw'
     1>c:\users\maria\desktop\sdlmaria\tpv-practica-2\tpvpractica1\juegopg.cpp(112): error C2678: binary '[': no operator found which takes a left-hand operand of type 'std::vector' (or there is no acceptable conversion)
         c:\program files (x86)\microsoft visual studio 14.0\vc\include\vector(1227): note: could be '_Vector_alloc<std::_Vec_base_types<_Ty,_Alloc_types::_Alloc>>::reference std::vector<_Ty,_Alloc>::operator [](_Vector_alloc<std::_Vec_base_types<_Ty,_Alloc_types::_Alloc>>::size_type)'
         c:\program files (x86)\microsoft visual studio 14.0\vc\include\vector(1211): note: or       '_Vector_alloc<std::_Vec_base_types<_Ty,_Alloc_types::_Alloc>>::const_reference std::vector<_Ty,_Alloc>::operator [](_Vector_alloc<std::_Vec_base_types<_Ty,_Alloc_types::_Alloc>>::size_type) const'
         c:\users\maria\desktop\sdlmaria\tpv-practica-2\tpvpractica1\juegopg.cpp(112): note: while trying to match the argument list '(std::vector, int)'
     1>c:\users\maria\desktop\sdlmaria\tpv-practica-2\tpvpractica1\juegopg.cpp(112): error C2661: 'GlobosPG::GlobosPG': no overloaded function takes 2 arguments
     1>c:\users\maria\desktop\sdlmaria\tpv-practica-2\tpvpractica1\juegopg.cpp(123): warning C4018: '<': signed/unsigned mismatch
     1>c:\users\maria\desktop\sdlmaria\tpv-practica-2\tpvpractica1\juegopg.cpp(126): error C2678: binary '[': no operator found which takes a left-hand operand of type 'std::vector' (or there is no acceptable conversion)
         c:\program files (x86)\microsoft visual studio 14.0\vc\include\vector(1227): note: could be '_Vector_alloc<std::_Vec_base_types<_Ty,_Alloc_types::_Alloc>>::reference std::vector<_Ty,_Alloc>::operator [](_Vector_alloc<std::_Vec_base_types<_Ty,_Alloc_types::_Alloc>>::size_type)'
         c:\program files (x86)\microsoft visual studio 14.0\vc\include\vector(1211): note: or       '_Vector_alloc<std::_Vec_base_types<_Ty,_Alloc_types::_Alloc>>::const_reference std::vector<_Ty,_Alloc>::operator [](_Vector_alloc<std::_Vec_base_types<_Ty,_Alloc_types::_Alloc>>::size_type) const'
         c:\users\maria\desktop\sdlmaria\tpv-practica-2\tpvpractica1\juegopg.cpp(126): note: while trying to match the argument list '(std::vector, int)'
     1>c:\users\maria\desktop\sdlmaria\tpv-practica-2\tpvpractica1\juegopg.cpp(129): warning C4018: '<': signed/unsigned mismatch
     1>c:\users\maria\desktop\sdlmaria\tpv-practica-2\tpvpractica1\juegopg.cpp(131): error C2039: 'puntos': is not a member of 'ObjetoJuego'
         c:\users\maria\desktop\sdlmaria\tpv-practica-2\tpvpractica1\objetojuego.h(5): note: see declaration of 'ObjetoJuego'
     1>c:\users\maria\desktop\sdlmaria\tpv-practica-2\tpvpractica1\juegopg.cpp(145): warning C4018: '<': signed/unsigned mismatch
     1>c:\users\maria\desktop\sdlmaria\tpv-practica-2\tpvpractica1\juegopg.cpp(146): error C2451: conditional expression of type 'void' is illegal
         c:\users\maria\desktop\sdlmaria\tpv-practica-2\tpvpractica1\juegopg.cpp(146): note: Expressions of type void cannot be converted to other types
     1>c:\users\maria\desktop\sdlmaria\tpv-practica-2\tpvpractica1\juegopg.cpp(219): error C2065: 'sky': undeclared identifier
     1>c:\users\maria\desktop\sdlmaria\tpv-practica-2\tpvpractica1\juegopg.cpp(219): error C2541: 'delete': cannot delete objects that are not pointers
         GlobosPG.cpp
     1>c:\users\maria\desktop\sdlmaria\tpv-practica-2\tpvpractica1\globospg.cpp(42): warning C4244: '-=': conversion from 'float' to 'int', possible loss of data
     1>c:\users\maria\desktop\sdlmaria\tpv-practica-2\tpvpractica1\globospg.cpp(43): warning C4244: '-=': conversion from 'float' to 'int', possible loss of data
         Generating Code...
     1>Done Building Project "C:\Users\maria\Desktop\SDLMaria\TPV-Practica-2\TPVPractica1\TPVPractica1.vcxproj" (Build target(s)) -- FAILED.

Build FAILED.

Time Elapsed 00:00:06.84
